[17-Mar-2026 10:25:24 UTC] PHP Fatal error:  Uncaught Error: mysqli_stmt::bind_param(): Argument #2 could not be passed by reference in C:\laragon\www\eswasa\admin\pages\services_edit.php:15
Stack trace:
#0 C:\laragon\www\eswasa\admin\index.php(98): include()
#1 {main}
  thrown in C:\laragon\www\eswasa\admin\pages\services_edit.php on line 15
[17-Mar-2026 10:25:29 UTC] PHP Fatal error:  Uncaught Error: mysqli_stmt::bind_param(): Argument #2 could not be passed by reference in C:\laragon\www\eswasa\admin\pages\about_edit.php:15
Stack trace:
#0 C:\laragon\www\eswasa\admin\index.php(98): include()
#1 {main}
  thrown in C:\laragon\www\eswasa\admin\pages\about_edit.php on line 15
[17-Mar-2026 10:25:35 UTC] Unauthorized page request: training_about.php
[17-Mar-2026 10:25:40 UTC] Unauthorized page request: training_calendar.php
[17-Mar-2026 10:25:43 UTC] Unauthorized page request: qoute_training.php
[17-Mar-2026 10:25:44 UTC] Unauthorized page request: training_about.php
[17-Mar-2026 10:25:59 UTC] PHP Fatal error:  Uncaught Error: mysqli_stmt::bind_param(): Argument #2 could not be passed by reference in C:\laragon\www\eswasa\admin\pages\services_edit.php:15
Stack trace:
#0 C:\laragon\www\eswasa\admin\index.php(98): include()
#1 {main}
  thrown in C:\laragon\www\eswasa\admin\pages\services_edit.php on line 15
[17-Mar-2026 11:13:03 UTC] PHP Warning:  include(header.php): Failed to open stream: No such file or directory in C:\laragon\www\eswasa\admin\index.php on line 104
[17-Mar-2026 11:13:03 UTC] PHP Warning:  include(): Failed opening 'header.php' for inclusion (include_path='.;C:/laragon/etc/php/pear') in C:\laragon\www\eswasa\admin\index.php on line 104
[17-Mar-2026 11:13:03 UTC] PHP Warning:  include(sidebar.php): Failed to open stream: No such file or directory in C:\laragon\www\eswasa\admin\index.php on line 105
[17-Mar-2026 11:13:03 UTC] PHP Warning:  include(): Failed opening 'sidebar.php' for inclusion (include_path='.;C:/laragon/etc/php/pear') in C:\laragon\www\eswasa\admin\index.php on line 105
[17-Mar-2026 11:13:05 UTC] PHP Warning:  include(header.php): Failed to open stream: No such file or directory in C:\laragon\www\eswasa\admin\index.php on line 104
[17-Mar-2026 11:13:05 UTC] PHP Warning:  include(): Failed opening 'header.php' for inclusion (include_path='.;C:/laragon/etc/php/pear') in C:\laragon\www\eswasa\admin\index.php on line 104
[17-Mar-2026 11:13:05 UTC] PHP Warning:  include(sidebar.php): Failed to open stream: No such file or directory in C:\laragon\www\eswasa\admin\index.php on line 105
[17-Mar-2026 11:13:05 UTC] PHP Warning:  include(): Failed opening 'sidebar.php' for inclusion (include_path='.;C:/laragon/etc/php/pear') in C:\laragon\www\eswasa\admin\index.php on line 105
[17-Mar-2026 11:13:05 UTC] PHP Warning:  include(header.php): Failed to open stream: No such file or directory in C:\laragon\www\eswasa\admin\index.php on line 104
[17-Mar-2026 11:13:05 UTC] PHP Warning:  include(): Failed opening 'header.php' for inclusion (include_path='.;C:/laragon/etc/php/pear') in C:\laragon\www\eswasa\admin\index.php on line 104
[17-Mar-2026 11:13:05 UTC] PHP Warning:  include(sidebar.php): Failed to open stream: No such file or directory in C:\laragon\www\eswasa\admin\index.php on line 105
[17-Mar-2026 11:13:05 UTC] PHP Warning:  include(): Failed opening 'sidebar.php' for inclusion (include_path='.;C:/laragon/etc/php/pear') in C:\laragon\www\eswasa\admin\index.php on line 105
[17-Mar-2026 11:13:17 UTC] PHP Warning:  include(header.php): Failed to open stream: No such file or directory in C:\laragon\www\eswasa\admin\index.php on line 104
[17-Mar-2026 11:13:17 UTC] PHP Warning:  include(): Failed opening 'header.php' for inclusion (include_path='.;C:/laragon/etc/php/pear') in C:\laragon\www\eswasa\admin\index.php on line 104
[17-Mar-2026 11:13:17 UTC] PHP Warning:  include(sidebar.php): Failed to open stream: No such file or directory in C:\laragon\www\eswasa\admin\index.php on line 105
[17-Mar-2026 11:13:17 UTC] PHP Warning:  include(): Failed opening 'sidebar.php' for inclusion (include_path='.;C:/laragon/etc/php/pear') in C:\laragon\www\eswasa\admin\index.php on line 105
[17-Mar-2026 11:13:18 UTC] PHP Warning:  include(header.php): Failed to open stream: No such file or directory in C:\laragon\www\eswasa\admin\index.php on line 104
[17-Mar-2026 11:13:18 UTC] PHP Warning:  include(): Failed opening 'header.php' for inclusion (include_path='.;C:/laragon/etc/php/pear') in C:\laragon\www\eswasa\admin\index.php on line 104
[17-Mar-2026 11:13:18 UTC] PHP Warning:  include(sidebar.php): Failed to open stream: No such file or directory in C:\laragon\www\eswasa\admin\index.php on line 105
[17-Mar-2026 11:13:18 UTC] PHP Warning:  include(): Failed opening 'sidebar.php' for inclusion (include_path='.;C:/laragon/etc/php/pear') in C:\laragon\www\eswasa\admin\index.php on line 105
[17-Mar-2026 11:13:19 UTC] PHP Warning:  include(header.php): Failed to open stream: No such file or directory in C:\laragon\www\eswasa\admin\index.php on line 104
[17-Mar-2026 11:13:19 UTC] PHP Warning:  include(): Failed opening 'header.php' for inclusion (include_path='.;C:/laragon/etc/php/pear') in C:\laragon\www\eswasa\admin\index.php on line 104
[17-Mar-2026 11:13:19 UTC] PHP Warning:  include(sidebar.php): Failed to open stream: No such file or directory in C:\laragon\www\eswasa\admin\index.php on line 105
[17-Mar-2026 11:13:19 UTC] PHP Warning:  include(): Failed opening 'sidebar.php' for inclusion (include_path='.;C:/laragon/etc/php/pear') in C:\laragon\www\eswasa\admin\index.php on line 105
[17-Mar-2026 11:13:46 UTC] PHP Warning:  include(header.php): Failed to open stream: No such file or directory in C:\laragon\www\eswasa\admin\index.php on line 49
[17-Mar-2026 11:13:46 UTC] PHP Warning:  include(): Failed opening 'header.php' for inclusion (include_path='.;C:/laragon/etc/php/pear') in C:\laragon\www\eswasa\admin\index.php on line 49
[17-Mar-2026 11:13:46 UTC] PHP Warning:  include(sidebar.php): Failed to open stream: No such file or directory in C:\laragon\www\eswasa\admin\index.php on line 52
[17-Mar-2026 11:13:46 UTC] PHP Warning:  include(): Failed opening 'sidebar.php' for inclusion (include_path='.;C:/laragon/etc/php/pear') in C:\laragon\www\eswasa\admin\index.php on line 52
[17-Mar-2026 11:14:06 UTC] PHP Warning:  include(header.php): Failed to open stream: No such file or directory in C:\laragon\www\eswasa\admin\index.php on line 49
[17-Mar-2026 11:14:06 UTC] PHP Warning:  include(): Failed opening 'header.php' for inclusion (include_path='.;C:/laragon/etc/php/pear') in C:\laragon\www\eswasa\admin\index.php on line 49
[17-Mar-2026 11:14:06 UTC] PHP Warning:  include(sidebar.php): Failed to open stream: No such file or directory in C:\laragon\www\eswasa\admin\index.php on line 52
[17-Mar-2026 11:14:06 UTC] PHP Warning:  include(): Failed opening 'sidebar.php' for inclusion (include_path='.;C:/laragon/etc/php/pear') in C:\laragon\www\eswasa\admin\index.php on line 52
[17-Mar-2026 11:14:07 UTC] PHP Warning:  include(header.php): Failed to open stream: No such file or directory in C:\laragon\www\eswasa\admin\index.php on line 49
[17-Mar-2026 11:14:07 UTC] PHP Warning:  include(): Failed opening 'header.php' for inclusion (include_path='.;C:/laragon/etc/php/pear') in C:\laragon\www\eswasa\admin\index.php on line 49
[17-Mar-2026 11:14:07 UTC] PHP Warning:  include(sidebar.php): Failed to open stream: No such file or directory in C:\laragon\www\eswasa\admin\index.php on line 52
[17-Mar-2026 11:14:07 UTC] PHP Warning:  include(): Failed opening 'sidebar.php' for inclusion (include_path='.;C:/laragon/etc/php/pear') in C:\laragon\www\eswasa\admin\index.php on line 52
[17-Mar-2026 11:14:07 UTC] PHP Warning:  include(header.php): Failed to open stream: No such file or directory in C:\laragon\www\eswasa\admin\index.php on line 49
[17-Mar-2026 11:14:07 UTC] PHP Warning:  include(): Failed opening 'header.php' for inclusion (include_path='.;C:/laragon/etc/php/pear') in C:\laragon\www\eswasa\admin\index.php on line 49
[17-Mar-2026 11:14:07 UTC] PHP Warning:  include(sidebar.php): Failed to open stream: No such file or directory in C:\laragon\www\eswasa\admin\index.php on line 52
[17-Mar-2026 11:14:07 UTC] PHP Warning:  include(): Failed opening 'sidebar.php' for inclusion (include_path='.;C:/laragon/etc/php/pear') in C:\laragon\www\eswasa\admin\index.php on line 52
[17-Mar-2026 11:14:22 UTC] PHP Warning:  include(header.php): Failed to open stream: No such file or directory in C:\laragon\www\eswasa\admin\index.php on line 49
[17-Mar-2026 11:14:22 UTC] PHP Warning:  include(): Failed opening 'header.php' for inclusion (include_path='.;C:/laragon/etc/php/pear') in C:\laragon\www\eswasa\admin\index.php on line 49
[17-Mar-2026 11:14:22 UTC] PHP Warning:  include(sidebar.php): Failed to open stream: No such file or directory in C:\laragon\www\eswasa\admin\index.php on line 52
[17-Mar-2026 11:14:22 UTC] PHP Warning:  include(): Failed opening 'sidebar.php' for inclusion (include_path='.;C:/laragon/etc/php/pear') in C:\laragon\www\eswasa\admin\index.php on line 52
[17-Mar-2026 11:14:33 UTC] PHP Warning:  include(header.php): Failed to open stream: No such file or directory in C:\laragon\www\eswasa\admin\index.php on line 49
[17-Mar-2026 11:14:33 UTC] PHP Warning:  include(): Failed opening 'header.php' for inclusion (include_path='.;C:/laragon/etc/php/pear') in C:\laragon\www\eswasa\admin\index.php on line 49
[17-Mar-2026 11:14:33 UTC] PHP Warning:  include(sidebar.php): Failed to open stream: No such file or directory in C:\laragon\www\eswasa\admin\index.php on line 52
[17-Mar-2026 11:14:33 UTC] PHP Warning:  include(): Failed opening 'sidebar.php' for inclusion (include_path='.;C:/laragon/etc/php/pear') in C:\laragon\www\eswasa\admin\index.php on line 52
[17-Mar-2026 11:14:34 UTC] PHP Warning:  include(header.php): Failed to open stream: No such file or directory in C:\laragon\www\eswasa\admin\index.php on line 49
[17-Mar-2026 11:14:34 UTC] PHP Warning:  include(): Failed opening 'header.php' for inclusion (include_path='.;C:/laragon/etc/php/pear') in C:\laragon\www\eswasa\admin\index.php on line 49
[17-Mar-2026 11:14:34 UTC] PHP Warning:  include(sidebar.php): Failed to open stream: No such file or directory in C:\laragon\www\eswasa\admin\index.php on line 52
[17-Mar-2026 11:14:34 UTC] PHP Warning:  include(): Failed opening 'sidebar.php' for inclusion (include_path='.;C:/laragon/etc/php/pear') in C:\laragon\www\eswasa\admin\index.php on line 52
[17-Mar-2026 11:14:35 UTC] PHP Warning:  include(header.php): Failed to open stream: No such file or directory in C:\laragon\www\eswasa\admin\index.php on line 49
[17-Mar-2026 11:14:35 UTC] PHP Warning:  include(): Failed opening 'header.php' for inclusion (include_path='.;C:/laragon/etc/php/pear') in C:\laragon\www\eswasa\admin\index.php on line 49
[17-Mar-2026 11:14:35 UTC] PHP Warning:  include(sidebar.php): Failed to open stream: No such file or directory in C:\laragon\www\eswasa\admin\index.php on line 52
[17-Mar-2026 11:14:35 UTC] PHP Warning:  include(): Failed opening 'sidebar.php' for inclusion (include_path='.;C:/laragon/etc/php/pear') in C:\laragon\www\eswasa\admin\index.php on line 52
[17-Mar-2026 11:14:36 UTC] PHP Warning:  include(header.php): Failed to open stream: No such file or directory in C:\laragon\www\eswasa\admin\index.php on line 49
[17-Mar-2026 11:14:36 UTC] PHP Warning:  include(): Failed opening 'header.php' for inclusion (include_path='.;C:/laragon/etc/php/pear') in C:\laragon\www\eswasa\admin\index.php on line 49
[17-Mar-2026 11:14:36 UTC] PHP Warning:  include(sidebar.php): Failed to open stream: No such file or directory in C:\laragon\www\eswasa\admin\index.php on line 52
[17-Mar-2026 11:14:36 UTC] PHP Warning:  include(): Failed opening 'sidebar.php' for inclusion (include_path='.;C:/laragon/etc/php/pear') in C:\laragon\www\eswasa\admin\index.php on line 52
[17-Mar-2026 11:18:40 UTC] PHP Warning:  include(header.php): Failed to open stream: No such file or directory in C:\laragon\www\eswasa\admin\index.php on line 49
[17-Mar-2026 11:18:40 UTC] PHP Warning:  include(): Failed opening 'header.php' for inclusion (include_path='.;C:/laragon/etc/php/pear') in C:\laragon\www\eswasa\admin\index.php on line 49
[17-Mar-2026 11:18:40 UTC] PHP Warning:  include(sidebar.php): Failed to open stream: No such file or directory in C:\laragon\www\eswasa\admin\index.php on line 52
[17-Mar-2026 11:18:40 UTC] PHP Warning:  include(): Failed opening 'sidebar.php' for inclusion (include_path='.;C:/laragon/etc/php/pear') in C:\laragon\www\eswasa\admin\index.php on line 52
[17-Mar-2026 11:24:38 UTC] PHP Warning:  include(header.php): Failed to open stream: No such file or directory in C:\laragon\www\eswasa\admin\index.php on line 49
[17-Mar-2026 11:24:38 UTC] PHP Warning:  include(): Failed opening 'header.php' for inclusion (include_path='.;C:/laragon/etc/php/pear') in C:\laragon\www\eswasa\admin\index.php on line 49
[17-Mar-2026 11:24:38 UTC] PHP Warning:  include(sidebar.php): Failed to open stream: No such file or directory in C:\laragon\www\eswasa\admin\index.php on line 52
[17-Mar-2026 11:24:38 UTC] PHP Warning:  include(): Failed opening 'sidebar.php' for inclusion (include_path='.;C:/laragon/etc/php/pear') in C:\laragon\www\eswasa\admin\index.php on line 52
[17-Mar-2026 11:24:39 UTC] PHP Warning:  include(header.php): Failed to open stream: No such file or directory in C:\laragon\www\eswasa\admin\index.php on line 49
[17-Mar-2026 11:24:39 UTC] PHP Warning:  include(): Failed opening 'header.php' for inclusion (include_path='.;C:/laragon/etc/php/pear') in C:\laragon\www\eswasa\admin\index.php on line 49
[17-Mar-2026 11:24:39 UTC] PHP Warning:  include(sidebar.php): Failed to open stream: No such file or directory in C:\laragon\www\eswasa\admin\index.php on line 52
[17-Mar-2026 11:24:39 UTC] PHP Warning:  include(): Failed opening 'sidebar.php' for inclusion (include_path='.;C:/laragon/etc/php/pear') in C:\laragon\www\eswasa\admin\index.php on line 52
[17-Mar-2026 11:24:39 UTC] PHP Warning:  include(header.php): Failed to open stream: No such file or directory in C:\laragon\www\eswasa\admin\index.php on line 49
[17-Mar-2026 11:24:39 UTC] PHP Warning:  include(): Failed opening 'header.php' for inclusion (include_path='.;C:/laragon/etc/php/pear') in C:\laragon\www\eswasa\admin\index.php on line 49
[17-Mar-2026 11:24:39 UTC] PHP Warning:  include(sidebar.php): Failed to open stream: No such file or directory in C:\laragon\www\eswasa\admin\index.php on line 52
[17-Mar-2026 11:24:39 UTC] PHP Warning:  include(): Failed opening 'sidebar.php' for inclusion (include_path='.;C:/laragon/etc/php/pear') in C:\laragon\www\eswasa\admin\index.php on line 52
[17-Mar-2026 11:24:40 UTC] PHP Warning:  include(header.php): Failed to open stream: No such file or directory in C:\laragon\www\eswasa\admin\index.php on line 49
[17-Mar-2026 11:24:40 UTC] PHP Warning:  include(): Failed opening 'header.php' for inclusion (include_path='.;C:/laragon/etc/php/pear') in C:\laragon\www\eswasa\admin\index.php on line 49
[17-Mar-2026 11:24:40 UTC] PHP Warning:  include(sidebar.php): Failed to open stream: No such file or directory in C:\laragon\www\eswasa\admin\index.php on line 52
[17-Mar-2026 11:24:40 UTC] PHP Warning:  include(): Failed opening 'sidebar.php' for inclusion (include_path='.;C:/laragon/etc/php/pear') in C:\laragon\www\eswasa\admin\index.php on line 52
[17-Mar-2026 11:24:41 UTC] PHP Warning:  include(header.php): Failed to open stream: No such file or directory in C:\laragon\www\eswasa\admin\index.php on line 49
[17-Mar-2026 11:24:41 UTC] PHP Warning:  include(): Failed opening 'header.php' for inclusion (include_path='.;C:/laragon/etc/php/pear') in C:\laragon\www\eswasa\admin\index.php on line 49
[17-Mar-2026 11:24:41 UTC] PHP Warning:  include(sidebar.php): Failed to open stream: No such file or directory in C:\laragon\www\eswasa\admin\index.php on line 52
[17-Mar-2026 11:24:41 UTC] PHP Warning:  include(): Failed opening 'sidebar.php' for inclusion (include_path='.;C:/laragon/etc/php/pear') in C:\laragon\www\eswasa\admin\index.php on line 52
[17-Mar-2026 11:24:42 UTC] PHP Warning:  include(header.php): Failed to open stream: No such file or directory in C:\laragon\www\eswasa\admin\index.php on line 49
[17-Mar-2026 11:24:42 UTC] PHP Warning:  include(): Failed opening 'header.php' for inclusion (include_path='.;C:/laragon/etc/php/pear') in C:\laragon\www\eswasa\admin\index.php on line 49
[17-Mar-2026 11:24:42 UTC] PHP Warning:  include(sidebar.php): Failed to open stream: No such file or directory in C:\laragon\www\eswasa\admin\index.php on line 52
[17-Mar-2026 11:24:42 UTC] PHP Warning:  include(): Failed opening 'sidebar.php' for inclusion (include_path='.;C:/laragon/etc/php/pear') in C:\laragon\www\eswasa\admin\index.php on line 52
[17-Mar-2026 11:24:43 UTC] PHP Warning:  include(header.php): Failed to open stream: No such file or directory in C:\laragon\www\eswasa\admin\index.php on line 49
[17-Mar-2026 11:24:43 UTC] PHP Warning:  include(): Failed opening 'header.php' for inclusion (include_path='.;C:/laragon/etc/php/pear') in C:\laragon\www\eswasa\admin\index.php on line 49
[17-Mar-2026 11:24:43 UTC] PHP Warning:  include(sidebar.php): Failed to open stream: No such file or directory in C:\laragon\www\eswasa\admin\index.php on line 52
[17-Mar-2026 11:24:43 UTC] PHP Warning:  include(): Failed opening 'sidebar.php' for inclusion (include_path='.;C:/laragon/etc/php/pear') in C:\laragon\www\eswasa\admin\index.php on line 52
[17-Mar-2026 11:24:43 UTC] PHP Warning:  include(header.php): Failed to open stream: No such file or directory in C:\laragon\www\eswasa\admin\index.php on line 49
[17-Mar-2026 11:24:43 UTC] PHP Warning:  include(): Failed opening 'header.php' for inclusion (include_path='.;C:/laragon/etc/php/pear') in C:\laragon\www\eswasa\admin\index.php on line 49
[17-Mar-2026 11:24:43 UTC] PHP Warning:  include(sidebar.php): Failed to open stream: No such file or directory in C:\laragon\www\eswasa\admin\index.php on line 52
[17-Mar-2026 11:24:43 UTC] PHP Warning:  include(): Failed opening 'sidebar.php' for inclusion (include_path='.;C:/laragon/etc/php/pear') in C:\laragon\www\eswasa\admin\index.php on line 52
[17-Mar-2026 11:24:44 UTC] PHP Warning:  include(header.php): Failed to open stream: No such file or directory in C:\laragon\www\eswasa\admin\index.php on line 49
[17-Mar-2026 11:24:44 UTC] PHP Warning:  include(): Failed opening 'header.php' for inclusion (include_path='.;C:/laragon/etc/php/pear') in C:\laragon\www\eswasa\admin\index.php on line 49
[17-Mar-2026 11:24:44 UTC] PHP Warning:  include(sidebar.php): Failed to open stream: No such file or directory in C:\laragon\www\eswasa\admin\index.php on line 52
[17-Mar-2026 11:24:44 UTC] PHP Warning:  include(): Failed opening 'sidebar.php' for inclusion (include_path='.;C:/laragon/etc/php/pear') in C:\laragon\www\eswasa\admin\index.php on line 52
[17-Mar-2026 11:24:44 UTC] PHP Warning:  include(header.php): Failed to open stream: No such file or directory in C:\laragon\www\eswasa\admin\index.php on line 49
[17-Mar-2026 11:24:44 UTC] PHP Warning:  include(): Failed opening 'header.php' for inclusion (include_path='.;C:/laragon/etc/php/pear') in C:\laragon\www\eswasa\admin\index.php on line 49
[17-Mar-2026 11:24:44 UTC] PHP Warning:  include(sidebar.php): Failed to open stream: No such file or directory in C:\laragon\www\eswasa\admin\index.php on line 52
[17-Mar-2026 11:24:44 UTC] PHP Warning:  include(): Failed opening 'sidebar.php' for inclusion (include_path='.;C:/laragon/etc/php/pear') in C:\laragon\www\eswasa\admin\index.php on line 52
[17-Mar-2026 11:24:45 UTC] PHP Warning:  include(header.php): Failed to open stream: No such file or directory in C:\laragon\www\eswasa\admin\index.php on line 49
[17-Mar-2026 11:24:45 UTC] PHP Warning:  include(): Failed opening 'header.php' for inclusion (include_path='.;C:/laragon/etc/php/pear') in C:\laragon\www\eswasa\admin\index.php on line 49
[17-Mar-2026 11:24:45 UTC] PHP Warning:  include(sidebar.php): Failed to open stream: No such file or directory in C:\laragon\www\eswasa\admin\index.php on line 52
[17-Mar-2026 11:24:45 UTC] PHP Warning:  include(): Failed opening 'sidebar.php' for inclusion (include_path='.;C:/laragon/etc/php/pear') in C:\laragon\www\eswasa\admin\index.php on line 52
[17-Mar-2026 11:24:46 UTC] PHP Warning:  include(header.php): Failed to open stream: No such file or directory in C:\laragon\www\eswasa\admin\index.php on line 49
[17-Mar-2026 11:24:46 UTC] PHP Warning:  include(): Failed opening 'header.php' for inclusion (include_path='.;C:/laragon/etc/php/pear') in C:\laragon\www\eswasa\admin\index.php on line 49
[17-Mar-2026 11:24:46 UTC] PHP Warning:  include(sidebar.php): Failed to open stream: No such file or directory in C:\laragon\www\eswasa\admin\index.php on line 52
[17-Mar-2026 11:24:46 UTC] PHP Warning:  include(): Failed opening 'sidebar.php' for inclusion (include_path='.;C:/laragon/etc/php/pear') in C:\laragon\www\eswasa\admin\index.php on line 52
[17-Mar-2026 11:24:46 UTC] PHP Warning:  include(header.php): Failed to open stream: No such file or directory in C:\laragon\www\eswasa\admin\index.php on line 49
[17-Mar-2026 11:24:46 UTC] PHP Warning:  include(): Failed opening 'header.php' for inclusion (include_path='.;C:/laragon/etc/php/pear') in C:\laragon\www\eswasa\admin\index.php on line 49
[17-Mar-2026 11:24:46 UTC] PHP Warning:  include(sidebar.php): Failed to open stream: No such file or directory in C:\laragon\www\eswasa\admin\index.php on line 52
[17-Mar-2026 11:24:46 UTC] PHP Warning:  include(): Failed opening 'sidebar.php' for inclusion (include_path='.;C:/laragon/etc/php/pear') in C:\laragon\www\eswasa\admin\index.php on line 52
[17-Mar-2026 11:24:47 UTC] PHP Warning:  include(header.php): Failed to open stream: No such file or directory in C:\laragon\www\eswasa\admin\index.php on line 49
[17-Mar-2026 11:24:47 UTC] PHP Warning:  include(): Failed opening 'header.php' for inclusion (include_path='.;C:/laragon/etc/php/pear') in C:\laragon\www\eswasa\admin\index.php on line 49
[17-Mar-2026 11:24:47 UTC] PHP Warning:  include(sidebar.php): Failed to open stream: No such file or directory in C:\laragon\www\eswasa\admin\index.php on line 52
[17-Mar-2026 11:24:47 UTC] PHP Warning:  include(): Failed opening 'sidebar.php' for inclusion (include_path='.;C:/laragon/etc/php/pear') in C:\laragon\www\eswasa\admin\index.php on line 52
[17-Mar-2026 11:24:47 UTC] PHP Warning:  include(header.php): Failed to open stream: No such file or directory in C:\laragon\www\eswasa\admin\index.php on line 49
[17-Mar-2026 11:24:47 UTC] PHP Warning:  include(): Failed opening 'header.php' for inclusion (include_path='.;C:/laragon/etc/php/pear') in C:\laragon\www\eswasa\admin\index.php on line 49
[17-Mar-2026 11:24:47 UTC] PHP Warning:  include(sidebar.php): Failed to open stream: No such file or directory in C:\laragon\www\eswasa\admin\index.php on line 52
[17-Mar-2026 11:24:47 UTC] PHP Warning:  include(): Failed opening 'sidebar.php' for inclusion (include_path='.;C:/laragon/etc/php/pear') in C:\laragon\www\eswasa\admin\index.php on line 52
[17-Mar-2026 11:24:47 UTC] PHP Warning:  include(header.php): Failed to open stream: No such file or directory in C:\laragon\www\eswasa\admin\index.php on line 49
[17-Mar-2026 11:24:47 UTC] PHP Warning:  include(): Failed opening 'header.php' for inclusion (include_path='.;C:/laragon/etc/php/pear') in C:\laragon\www\eswasa\admin\index.php on line 49
[17-Mar-2026 11:24:47 UTC] PHP Warning:  include(sidebar.php): Failed to open stream: No such file or directory in C:\laragon\www\eswasa\admin\index.php on line 52
[17-Mar-2026 11:24:47 UTC] PHP Warning:  include(): Failed opening 'sidebar.php' for inclusion (include_path='.;C:/laragon/etc/php/pear') in C:\laragon\www\eswasa\admin\index.php on line 52
[17-Mar-2026 11:24:48 UTC] PHP Warning:  include(header.php): Failed to open stream: No such file or directory in C:\laragon\www\eswasa\admin\index.php on line 49
[17-Mar-2026 11:24:48 UTC] PHP Warning:  include(): Failed opening 'header.php' for inclusion (include_path='.;C:/laragon/etc/php/pear') in C:\laragon\www\eswasa\admin\index.php on line 49
[17-Mar-2026 11:24:48 UTC] PHP Warning:  include(sidebar.php): Failed to open stream: No such file or directory in C:\laragon\www\eswasa\admin\index.php on line 52
[17-Mar-2026 11:24:48 UTC] PHP Warning:  include(): Failed opening 'sidebar.php' for inclusion (include_path='.;C:/laragon/etc/php/pear') in C:\laragon\www\eswasa\admin\index.php on line 52
[17-Mar-2026 11:24:48 UTC] PHP Warning:  include(header.php): Failed to open stream: No such file or directory in C:\laragon\www\eswasa\admin\index.php on line 49
[17-Mar-2026 11:24:48 UTC] PHP Warning:  include(): Failed opening 'header.php' for inclusion (include_path='.;C:/laragon/etc/php/pear') in C:\laragon\www\eswasa\admin\index.php on line 49
[17-Mar-2026 11:24:48 UTC] PHP Warning:  include(sidebar.php): Failed to open stream: No such file or directory in C:\laragon\www\eswasa\admin\index.php on line 52
[17-Mar-2026 11:24:48 UTC] PHP Warning:  include(): Failed opening 'sidebar.php' for inclusion (include_path='.;C:/laragon/etc/php/pear') in C:\laragon\www\eswasa\admin\index.php on line 52
[17-Mar-2026 11:24:48 UTC] PHP Warning:  include(header.php): Failed to open stream: No such file or directory in C:\laragon\www\eswasa\admin\index.php on line 49
[17-Mar-2026 11:24:48 UTC] PHP Warning:  include(): Failed opening 'header.php' for inclusion (include_path='.;C:/laragon/etc/php/pear') in C:\laragon\www\eswasa\admin\index.php on line 49
[17-Mar-2026 11:24:48 UTC] PHP Warning:  include(sidebar.php): Failed to open stream: No such file or directory in C:\laragon\www\eswasa\admin\index.php on line 52
[17-Mar-2026 11:24:48 UTC] PHP Warning:  include(): Failed opening 'sidebar.php' for inclusion (include_path='.;C:/laragon/etc/php/pear') in C:\laragon\www\eswasa\admin\index.php on line 52
[17-Mar-2026 11:24:51 UTC] PHP Warning:  include(header.php): Failed to open stream: No such file or directory in C:\laragon\www\eswasa\admin\index.php on line 49
[17-Mar-2026 11:24:51 UTC] PHP Warning:  include(): Failed opening 'header.php' for inclusion (include_path='.;C:/laragon/etc/php/pear') in C:\laragon\www\eswasa\admin\index.php on line 49
[17-Mar-2026 11:24:51 UTC] PHP Warning:  include(sidebar.php): Failed to open stream: No such file or directory in C:\laragon\www\eswasa\admin\index.php on line 52
[17-Mar-2026 11:24:51 UTC] PHP Warning:  include(): Failed opening 'sidebar.php' for inclusion (include_path='.;C:/laragon/etc/php/pear') in C:\laragon\www\eswasa\admin\index.php on line 52
[17-Mar-2026 11:25:03 UTC] PHP Warning:  include(header.php): Failed to open stream: No such file or directory in C:\laragon\www\eswasa\admin\index.php on line 49
[17-Mar-2026 11:25:03 UTC] PHP Warning:  include(): Failed opening 'header.php' for inclusion (include_path='.;C:/laragon/etc/php/pear') in C:\laragon\www\eswasa\admin\index.php on line 49
[17-Mar-2026 11:25:03 UTC] PHP Warning:  include(sidebar.php): Failed to open stream: No such file or directory in C:\laragon\www\eswasa\admin\index.php on line 52
[17-Mar-2026 11:25:03 UTC] PHP Warning:  include(): Failed opening 'sidebar.php' for inclusion (include_path='.;C:/laragon/etc/php/pear') in C:\laragon\www\eswasa\admin\index.php on line 52
[17-Mar-2026 11:25:04 UTC] PHP Warning:  include(header.php): Failed to open stream: No such file or directory in C:\laragon\www\eswasa\admin\index.php on line 49
[17-Mar-2026 11:25:04 UTC] PHP Warning:  include(): Failed opening 'header.php' for inclusion (include_path='.;C:/laragon/etc/php/pear') in C:\laragon\www\eswasa\admin\index.php on line 49
[17-Mar-2026 11:25:04 UTC] PHP Warning:  include(sidebar.php): Failed to open stream: No such file or directory in C:\laragon\www\eswasa\admin\index.php on line 52
[17-Mar-2026 11:25:04 UTC] PHP Warning:  include(): Failed opening 'sidebar.php' for inclusion (include_path='.;C:/laragon/etc/php/pear') in C:\laragon\www\eswasa\admin\index.php on line 52
[17-Mar-2026 11:25:04 UTC] PHP Warning:  include(header.php): Failed to open stream: No such file or directory in C:\laragon\www\eswasa\admin\index.php on line 49
[17-Mar-2026 11:25:04 UTC] PHP Warning:  include(): Failed opening 'header.php' for inclusion (include_path='.;C:/laragon/etc/php/pear') in C:\laragon\www\eswasa\admin\index.php on line 49
[17-Mar-2026 11:25:04 UTC] PHP Warning:  include(sidebar.php): Failed to open stream: No such file or directory in C:\laragon\www\eswasa\admin\index.php on line 52
[17-Mar-2026 11:25:04 UTC] PHP Warning:  include(): Failed opening 'sidebar.php' for inclusion (include_path='.;C:/laragon/etc/php/pear') in C:\laragon\www\eswasa\admin\index.php on line 52
[17-Mar-2026 11:25:04 UTC] PHP Warning:  include(header.php): Failed to open stream: No such file or directory in C:\laragon\www\eswasa\admin\index.php on line 49
[17-Mar-2026 11:25:04 UTC] PHP Warning:  include(): Failed opening 'header.php' for inclusion (include_path='.;C:/laragon/etc/php/pear') in C:\laragon\www\eswasa\admin\index.php on line 49
[17-Mar-2026 11:25:04 UTC] PHP Warning:  include(sidebar.php): Failed to open stream: No such file or directory in C:\laragon\www\eswasa\admin\index.php on line 52
[17-Mar-2026 11:25:04 UTC] PHP Warning:  include(): Failed opening 'sidebar.php' for inclusion (include_path='.;C:/laragon/etc/php/pear') in C:\laragon\www\eswasa\admin\index.php on line 52
[17-Mar-2026 11:25:04 UTC] PHP Warning:  include(header.php): Failed to open stream: No such file or directory in C:\laragon\www\eswasa\admin\index.php on line 49
[17-Mar-2026 11:25:04 UTC] PHP Warning:  include(): Failed opening 'header.php' for inclusion (include_path='.;C:/laragon/etc/php/pear') in C:\laragon\www\eswasa\admin\index.php on line 49
[17-Mar-2026 11:25:04 UTC] PHP Warning:  include(sidebar.php): Failed to open stream: No such file or directory in C:\laragon\www\eswasa\admin\index.php on line 52
[17-Mar-2026 11:25:04 UTC] PHP Warning:  include(): Failed opening 'sidebar.php' for inclusion (include_path='.;C:/laragon/etc/php/pear') in C:\laragon\www\eswasa\admin\index.php on line 52
[17-Mar-2026 11:25:05 UTC] PHP Warning:  include(header.php): Failed to open stream: No such file or directory in C:\laragon\www\eswasa\admin\index.php on line 49
[17-Mar-2026 11:25:05 UTC] PHP Warning:  include(): Failed opening 'header.php' for inclusion (include_path='.;C:/laragon/etc/php/pear') in C:\laragon\www\eswasa\admin\index.php on line 49
[17-Mar-2026 11:25:05 UTC] PHP Warning:  include(sidebar.php): Failed to open stream: No such file or directory in C:\laragon\www\eswasa\admin\index.php on line 52
[17-Mar-2026 11:25:05 UTC] PHP Warning:  include(): Failed opening 'sidebar.php' for inclusion (include_path='.;C:/laragon/etc/php/pear') in C:\laragon\www\eswasa\admin\index.php on line 52
[17-Mar-2026 11:25:05 UTC] PHP Warning:  include(header.php): Failed to open stream: No such file or directory in C:\laragon\www\eswasa\admin\index.php on line 49
[17-Mar-2026 11:25:05 UTC] PHP Warning:  include(): Failed opening 'header.php' for inclusion (include_path='.;C:/laragon/etc/php/pear') in C:\laragon\www\eswasa\admin\index.php on line 49
[17-Mar-2026 11:25:05 UTC] PHP Warning:  include(sidebar.php): Failed to open stream: No such file or directory in C:\laragon\www\eswasa\admin\index.php on line 52
[17-Mar-2026 11:25:05 UTC] PHP Warning:  include(): Failed opening 'sidebar.php' for inclusion (include_path='.;C:/laragon/etc/php/pear') in C:\laragon\www\eswasa\admin\index.php on line 52
[17-Mar-2026 11:25:16 UTC] PHP Warning:  include(header.php): Failed to open stream: No such file or directory in C:\laragon\www\eswasa\admin\index.php on line 49
[17-Mar-2026 11:25:16 UTC] PHP Warning:  include(): Failed opening 'header.php' for inclusion (include_path='.;C:/laragon/etc/php/pear') in C:\laragon\www\eswasa\admin\index.php on line 49
[17-Mar-2026 11:25:16 UTC] PHP Warning:  include(sidebar.php): Failed to open stream: No such file or directory in C:\laragon\www\eswasa\admin\index.php on line 52
[17-Mar-2026 11:25:16 UTC] PHP Warning:  include(): Failed opening 'sidebar.php' for inclusion (include_path='.;C:/laragon/etc/php/pear') in C:\laragon\www\eswasa\admin\index.php on line 52
[17-Mar-2026 11:25:17 UTC] PHP Warning:  include(header.php): Failed to open stream: No such file or directory in C:\laragon\www\eswasa\admin\index.php on line 49
[17-Mar-2026 11:25:17 UTC] PHP Warning:  include(): Failed opening 'header.php' for inclusion (include_path='.;C:/laragon/etc/php/pear') in C:\laragon\www\eswasa\admin\index.php on line 49
[17-Mar-2026 11:25:17 UTC] PHP Warning:  include(sidebar.php): Failed to open stream: No such file or directory in C:\laragon\www\eswasa\admin\index.php on line 52
[17-Mar-2026 11:25:17 UTC] PHP Warning:  include(): Failed opening 'sidebar.php' for inclusion (include_path='.;C:/laragon/etc/php/pear') in C:\laragon\www\eswasa\admin\index.php on line 52
[17-Mar-2026 11:25:17 UTC] PHP Warning:  include(header.php): Failed to open stream: No such file or directory in C:\laragon\www\eswasa\admin\index.php on line 49
[17-Mar-2026 11:25:17 UTC] PHP Warning:  include(): Failed opening 'header.php' for inclusion (include_path='.;C:/laragon/etc/php/pear') in C:\laragon\www\eswasa\admin\index.php on line 49
[17-Mar-2026 11:25:17 UTC] PHP Warning:  include(sidebar.php): Failed to open stream: No such file or directory in C:\laragon\www\eswasa\admin\index.php on line 52
[17-Mar-2026 11:25:17 UTC] PHP Warning:  include(): Failed opening 'sidebar.php' for inclusion (include_path='.;C:/laragon/etc/php/pear') in C:\laragon\www\eswasa\admin\index.php on line 52
[17-Mar-2026 11:25:18 UTC] PHP Warning:  include(header.php): Failed to open stream: No such file or directory in C:\laragon\www\eswasa\admin\index.php on line 49
[17-Mar-2026 11:25:18 UTC] PHP Warning:  include(): Failed opening 'header.php' for inclusion (include_path='.;C:/laragon/etc/php/pear') in C:\laragon\www\eswasa\admin\index.php on line 49
[17-Mar-2026 11:25:18 UTC] PHP Warning:  include(sidebar.php): Failed to open stream: No such file or directory in C:\laragon\www\eswasa\admin\index.php on line 52
[17-Mar-2026 11:25:18 UTC] PHP Warning:  include(): Failed opening 'sidebar.php' for inclusion (include_path='.;C:/laragon/etc/php/pear') in C:\laragon\www\eswasa\admin\index.php on line 52
[17-Mar-2026 11:25:18 UTC] PHP Warning:  include(header.php): Failed to open stream: No such file or directory in C:\laragon\www\eswasa\admin\index.php on line 49
[17-Mar-2026 11:25:18 UTC] PHP Warning:  include(): Failed opening 'header.php' for inclusion (include_path='.;C:/laragon/etc/php/pear') in C:\laragon\www\eswasa\admin\index.php on line 49
[17-Mar-2026 11:25:18 UTC] PHP Warning:  include(sidebar.php): Failed to open stream: No such file or directory in C:\laragon\www\eswasa\admin\index.php on line 52
[17-Mar-2026 11:25:18 UTC] PHP Warning:  include(): Failed opening 'sidebar.php' for inclusion (include_path='.;C:/laragon/etc/php/pear') in C:\laragon\www\eswasa\admin\index.php on line 52
[17-Mar-2026 11:25:31 UTC] PHP Warning:  include(header.php): Failed to open stream: No such file or directory in C:\laragon\www\eswasa\admin\index.php on line 49
[17-Mar-2026 11:25:31 UTC] PHP Warning:  include(): Failed opening 'header.php' for inclusion (include_path='.;C:/laragon/etc/php/pear') in C:\laragon\www\eswasa\admin\index.php on line 49
[17-Mar-2026 11:25:31 UTC] PHP Warning:  include(sidebar.php): Failed to open stream: No such file or directory in C:\laragon\www\eswasa\admin\index.php on line 52
[17-Mar-2026 11:25:31 UTC] PHP Warning:  include(): Failed opening 'sidebar.php' for inclusion (include_path='.;C:/laragon/etc/php/pear') in C:\laragon\www\eswasa\admin\index.php on line 52
[17-Mar-2026 11:25:35 UTC] PHP Warning:  include(header.php): Failed to open stream: No such file or directory in C:\laragon\www\eswasa\admin\index.php on line 49
[17-Mar-2026 11:25:35 UTC] PHP Warning:  include(): Failed opening 'header.php' for inclusion (include_path='.;C:/laragon/etc/php/pear') in C:\laragon\www\eswasa\admin\index.php on line 49
[17-Mar-2026 11:25:35 UTC] PHP Warning:  include(sidebar.php): Failed to open stream: No such file or directory in C:\laragon\www\eswasa\admin\index.php on line 52
[17-Mar-2026 11:25:35 UTC] PHP Warning:  include(): Failed opening 'sidebar.php' for inclusion (include_path='.;C:/laragon/etc/php/pear') in C:\laragon\www\eswasa\admin\index.php on line 52
[17-Mar-2026 11:25:36 UTC] PHP Warning:  include(header.php): Failed to open stream: No such file or directory in C:\laragon\www\eswasa\admin\index.php on line 49
[17-Mar-2026 11:25:36 UTC] PHP Warning:  include(): Failed opening 'header.php' for inclusion (include_path='.;C:/laragon/etc/php/pear') in C:\laragon\www\eswasa\admin\index.php on line 49
[17-Mar-2026 11:25:36 UTC] PHP Warning:  include(sidebar.php): Failed to open stream: No such file or directory in C:\laragon\www\eswasa\admin\index.php on line 52
[17-Mar-2026 11:25:36 UTC] PHP Warning:  include(): Failed opening 'sidebar.php' for inclusion (include_path='.;C:/laragon/etc/php/pear') in C:\laragon\www\eswasa\admin\index.php on line 52
[17-Mar-2026 11:25:36 UTC] PHP Warning:  include(header.php): Failed to open stream: No such file or directory in C:\laragon\www\eswasa\admin\index.php on line 49
[17-Mar-2026 11:25:36 UTC] PHP Warning:  include(): Failed opening 'header.php' for inclusion (include_path='.;C:/laragon/etc/php/pear') in C:\laragon\www\eswasa\admin\index.php on line 49
[17-Mar-2026 11:25:36 UTC] PHP Warning:  include(sidebar.php): Failed to open stream: No such file or directory in C:\laragon\www\eswasa\admin\index.php on line 52
[17-Mar-2026 11:25:36 UTC] PHP Warning:  include(): Failed opening 'sidebar.php' for inclusion (include_path='.;C:/laragon/etc/php/pear') in C:\laragon\www\eswasa\admin\index.php on line 52
[17-Mar-2026 11:25:37 UTC] PHP Warning:  include(header.php): Failed to open stream: No such file or directory in C:\laragon\www\eswasa\admin\index.php on line 49
[17-Mar-2026 11:25:37 UTC] PHP Warning:  include(): Failed opening 'header.php' for inclusion (include_path='.;C:/laragon/etc/php/pear') in C:\laragon\www\eswasa\admin\index.php on line 49
[17-Mar-2026 11:25:37 UTC] PHP Warning:  include(sidebar.php): Failed to open stream: No such file or directory in C:\laragon\www\eswasa\admin\index.php on line 52
[17-Mar-2026 11:25:37 UTC] PHP Warning:  include(): Failed opening 'sidebar.php' for inclusion (include_path='.;C:/laragon/etc/php/pear') in C:\laragon\www\eswasa\admin\index.php on line 52
[17-Mar-2026 11:25:37 UTC] PHP Warning:  include(header.php): Failed to open stream: No such file or directory in C:\laragon\www\eswasa\admin\index.php on line 49
[17-Mar-2026 11:25:37 UTC] PHP Warning:  include(): Failed opening 'header.php' for inclusion (include_path='.;C:/laragon/etc/php/pear') in C:\laragon\www\eswasa\admin\index.php on line 49
[17-Mar-2026 11:25:37 UTC] PHP Warning:  include(sidebar.php): Failed to open stream: No such file or directory in C:\laragon\www\eswasa\admin\index.php on line 52
[17-Mar-2026 11:25:37 UTC] PHP Warning:  include(): Failed opening 'sidebar.php' for inclusion (include_path='.;C:/laragon/etc/php/pear') in C:\laragon\www\eswasa\admin\index.php on line 52
[17-Mar-2026 11:26:03 UTC] PHP Warning:  include(header.php): Failed to open stream: No such file or directory in C:\laragon\www\eswasa\admin\index.php on line 49
[17-Mar-2026 11:26:03 UTC] PHP Warning:  include(): Failed opening 'header.php' for inclusion (include_path='.;C:/laragon/etc/php/pear') in C:\laragon\www\eswasa\admin\index.php on line 49
[17-Mar-2026 11:26:03 UTC] PHP Warning:  include(sidebar.php): Failed to open stream: No such file or directory in C:\laragon\www\eswasa\admin\index.php on line 52
[17-Mar-2026 11:26:03 UTC] PHP Warning:  include(): Failed opening 'sidebar.php' for inclusion (include_path='.;C:/laragon/etc/php/pear') in C:\laragon\www\eswasa\admin\index.php on line 52
[17-Mar-2026 11:37:18 UTC] PHP Warning:  include(header.php): Failed to open stream: No such file or directory in C:\laragon\www\eswasa\admin\index.php on line 49
[17-Mar-2026 11:37:18 UTC] PHP Warning:  include(): Failed opening 'header.php' for inclusion (include_path='.;C:/laragon/etc/php/pear') in C:\laragon\www\eswasa\admin\index.php on line 49
[17-Mar-2026 11:37:18 UTC] PHP Warning:  include(sidebar.php): Failed to open stream: No such file or directory in C:\laragon\www\eswasa\admin\index.php on line 52
[17-Mar-2026 11:37:18 UTC] PHP Warning:  include(): Failed opening 'sidebar.php' for inclusion (include_path='.;C:/laragon/etc/php/pear') in C:\laragon\www\eswasa\admin\index.php on line 52
[17-Mar-2026 11:58:19 UTC] PHP Warning:  include(header.php): Failed to open stream: No such file or directory in C:\laragon\www\eswasa\admin\index.php on line 104
[17-Mar-2026 11:58:19 UTC] PHP Warning:  include(): Failed opening 'header.php' for inclusion (include_path='.;C:/laragon/etc/php/pear') in C:\laragon\www\eswasa\admin\index.php on line 104
[17-Mar-2026 11:58:19 UTC] PHP Warning:  include(sidebar.php): Failed to open stream: No such file or directory in C:\laragon\www\eswasa\admin\index.php on line 105
[17-Mar-2026 11:58:19 UTC] PHP Warning:  include(): Failed opening 'sidebar.php' for inclusion (include_path='.;C:/laragon/etc/php/pear') in C:\laragon\www\eswasa\admin\index.php on line 105
[17-Mar-2026 11:58:21 UTC] PHP Warning:  include(header.php): Failed to open stream: No such file or directory in C:\laragon\www\eswasa\admin\index.php on line 104
[17-Mar-2026 11:58:21 UTC] PHP Warning:  include(): Failed opening 'header.php' for inclusion (include_path='.;C:/laragon/etc/php/pear') in C:\laragon\www\eswasa\admin\index.php on line 104
[17-Mar-2026 11:58:21 UTC] PHP Warning:  include(sidebar.php): Failed to open stream: No such file or directory in C:\laragon\www\eswasa\admin\index.php on line 105
[17-Mar-2026 11:58:21 UTC] PHP Warning:  include(): Failed opening 'sidebar.php' for inclusion (include_path='.;C:/laragon/etc/php/pear') in C:\laragon\www\eswasa\admin\index.php on line 105
[17-Mar-2026 11:58:21 UTC] PHP Warning:  include(header.php): Failed to open stream: No such file or directory in C:\laragon\www\eswasa\admin\index.php on line 104
[17-Mar-2026 11:58:21 UTC] PHP Warning:  include(): Failed opening 'header.php' for inclusion (include_path='.;C:/laragon/etc/php/pear') in C:\laragon\www\eswasa\admin\index.php on line 104
[17-Mar-2026 11:58:21 UTC] PHP Warning:  include(sidebar.php): Failed to open stream: No such file or directory in C:\laragon\www\eswasa\admin\index.php on line 105
[17-Mar-2026 11:58:21 UTC] PHP Warning:  include(): Failed opening 'sidebar.php' for inclusion (include_path='.;C:/laragon/etc/php/pear') in C:\laragon\www\eswasa\admin\index.php on line 105
[17-Mar-2026 12:00:21 UTC] PHP Warning:  include(header.php): Failed to open stream: No such file or directory in C:\laragon\www\eswasa\admin\index.php on line 104
[17-Mar-2026 12:00:21 UTC] PHP Warning:  include(): Failed opening 'header.php' for inclusion (include_path='.;C:/laragon/etc/php/pear') in C:\laragon\www\eswasa\admin\index.php on line 104
[17-Mar-2026 12:00:21 UTC] PHP Warning:  include(sidebar.php): Failed to open stream: No such file or directory in C:\laragon\www\eswasa\admin\index.php on line 105
[17-Mar-2026 12:00:21 UTC] PHP Warning:  include(): Failed opening 'sidebar.php' for inclusion (include_path='.;C:/laragon/etc/php/pear') in C:\laragon\www\eswasa\admin\index.php on line 105
[17-Mar-2026 12:00:24 UTC] PHP Warning:  include(header.php): Failed to open stream: No such file or directory in C:\laragon\www\eswasa\admin\index.php on line 104
[17-Mar-2026 12:00:24 UTC] PHP Warning:  include(): Failed opening 'header.php' for inclusion (include_path='.;C:/laragon/etc/php/pear') in C:\laragon\www\eswasa\admin\index.php on line 104
[17-Mar-2026 12:00:24 UTC] PHP Warning:  include(sidebar.php): Failed to open stream: No such file or directory in C:\laragon\www\eswasa\admin\index.php on line 105
[17-Mar-2026 12:00:24 UTC] PHP Warning:  include(): Failed opening 'sidebar.php' for inclusion (include_path='.;C:/laragon/etc/php/pear') in C:\laragon\www\eswasa\admin\index.php on line 105
[17-Mar-2026 12:00:24 UTC] PHP Warning:  include(header.php): Failed to open stream: No such file or directory in C:\laragon\www\eswasa\admin\index.php on line 104
[17-Mar-2026 12:00:24 UTC] PHP Warning:  include(): Failed opening 'header.php' for inclusion (include_path='.;C:/laragon/etc/php/pear') in C:\laragon\www\eswasa\admin\index.php on line 104
[17-Mar-2026 12:00:24 UTC] PHP Warning:  include(sidebar.php): Failed to open stream: No such file or directory in C:\laragon\www\eswasa\admin\index.php on line 105
[17-Mar-2026 12:00:24 UTC] PHP Warning:  include(): Failed opening 'sidebar.php' for inclusion (include_path='.;C:/laragon/etc/php/pear') in C:\laragon\www\eswasa\admin\index.php on line 105
[17-Mar-2026 12:00:25 UTC] PHP Warning:  include(header.php): Failed to open stream: No such file or directory in C:\laragon\www\eswasa\admin\index.php on line 104
[17-Mar-2026 12:00:25 UTC] PHP Warning:  include(): Failed opening 'header.php' for inclusion (include_path='.;C:/laragon/etc/php/pear') in C:\laragon\www\eswasa\admin\index.php on line 104
[17-Mar-2026 12:00:25 UTC] PHP Warning:  include(sidebar.php): Failed to open stream: No such file or directory in C:\laragon\www\eswasa\admin\index.php on line 105
[17-Mar-2026 12:00:25 UTC] PHP Warning:  include(): Failed opening 'sidebar.php' for inclusion (include_path='.;C:/laragon/etc/php/pear') in C:\laragon\www\eswasa\admin\index.php on line 105
[17-Mar-2026 12:00:25 UTC] PHP Warning:  include(header.php): Failed to open stream: No such file or directory in C:\laragon\www\eswasa\admin\index.php on line 104
[17-Mar-2026 12:00:25 UTC] PHP Warning:  include(): Failed opening 'header.php' for inclusion (include_path='.;C:/laragon/etc/php/pear') in C:\laragon\www\eswasa\admin\index.php on line 104
[17-Mar-2026 12:00:25 UTC] PHP Warning:  include(sidebar.php): Failed to open stream: No such file or directory in C:\laragon\www\eswasa\admin\index.php on line 105
[17-Mar-2026 12:00:25 UTC] PHP Warning:  include(): Failed opening 'sidebar.php' for inclusion (include_path='.;C:/laragon/etc/php/pear') in C:\laragon\www\eswasa\admin\index.php on line 105
[17-Mar-2026 12:00:26 UTC] PHP Warning:  include(header.php): Failed to open stream: No such file or directory in C:\laragon\www\eswasa\admin\index.php on line 104
[17-Mar-2026 12:00:26 UTC] PHP Warning:  include(): Failed opening 'header.php' for inclusion (include_path='.;C:/laragon/etc/php/pear') in C:\laragon\www\eswasa\admin\index.php on line 104
[17-Mar-2026 12:00:26 UTC] PHP Warning:  include(sidebar.php): Failed to open stream: No such file or directory in C:\laragon\www\eswasa\admin\index.php on line 105
[17-Mar-2026 12:00:26 UTC] PHP Warning:  include(): Failed opening 'sidebar.php' for inclusion (include_path='.;C:/laragon/etc/php/pear') in C:\laragon\www\eswasa\admin\index.php on line 105
[17-Mar-2026 12:00:26 UTC] PHP Warning:  include(header.php): Failed to open stream: No such file or directory in C:\laragon\www\eswasa\admin\index.php on line 104
[17-Mar-2026 12:00:26 UTC] PHP Warning:  include(): Failed opening 'header.php' for inclusion (include_path='.;C:/laragon/etc/php/pear') in C:\laragon\www\eswasa\admin\index.php on line 104
[17-Mar-2026 12:00:26 UTC] PHP Warning:  include(sidebar.php): Failed to open stream: No such file or directory in C:\laragon\www\eswasa\admin\index.php on line 105
[17-Mar-2026 12:00:26 UTC] PHP Warning:  include(): Failed opening 'sidebar.php' for inclusion (include_path='.;C:/laragon/etc/php/pear') in C:\laragon\www\eswasa\admin\index.php on line 105
[17-Mar-2026 12:00:26 UTC] PHP Warning:  include(header.php): Failed to open stream: No such file or directory in C:\laragon\www\eswasa\admin\index.php on line 104
[17-Mar-2026 12:00:26 UTC] PHP Warning:  include(): Failed opening 'header.php' for inclusion (include_path='.;C:/laragon/etc/php/pear') in C:\laragon\www\eswasa\admin\index.php on line 104
[17-Mar-2026 12:00:26 UTC] PHP Warning:  include(sidebar.php): Failed to open stream: No such file or directory in C:\laragon\www\eswasa\admin\index.php on line 105
[17-Mar-2026 12:00:26 UTC] PHP Warning:  include(): Failed opening 'sidebar.php' for inclusion (include_path='.;C:/laragon/etc/php/pear') in C:\laragon\www\eswasa\admin\index.php on line 105
[17-Mar-2026 12:00:26 UTC] PHP Warning:  include(header.php): Failed to open stream: No such file or directory in C:\laragon\www\eswasa\admin\index.php on line 104
[17-Mar-2026 12:00:26 UTC] PHP Warning:  include(): Failed opening 'header.php' for inclusion (include_path='.;C:/laragon/etc/php/pear') in C:\laragon\www\eswasa\admin\index.php on line 104
[17-Mar-2026 12:00:26 UTC] PHP Warning:  include(sidebar.php): Failed to open stream: No such file or directory in C:\laragon\www\eswasa\admin\index.php on line 105
[17-Mar-2026 12:00:26 UTC] PHP Warning:  include(): Failed opening 'sidebar.php' for inclusion (include_path='.;C:/laragon/etc/php/pear') in C:\laragon\www\eswasa\admin\index.php on line 105
[17-Mar-2026 12:00:27 UTC] PHP Warning:  include(header.php): Failed to open stream: No such file or directory in C:\laragon\www\eswasa\admin\index.php on line 104
[17-Mar-2026 12:00:27 UTC] PHP Warning:  include(): Failed opening 'header.php' for inclusion (include_path='.;C:/laragon/etc/php/pear') in C:\laragon\www\eswasa\admin\index.php on line 104
[17-Mar-2026 12:00:27 UTC] PHP Warning:  include(sidebar.php): Failed to open stream: No such file or directory in C:\laragon\www\eswasa\admin\index.php on line 105
[17-Mar-2026 12:00:27 UTC] PHP Warning:  include(): Failed opening 'sidebar.php' for inclusion (include_path='.;C:/laragon/etc/php/pear') in C:\laragon\www\eswasa\admin\index.php on line 105
[17-Mar-2026 12:00:27 UTC] PHP Warning:  include(header.php): Failed to open stream: No such file or directory in C:\laragon\www\eswasa\admin\index.php on line 104
[17-Mar-2026 12:00:27 UTC] PHP Warning:  include(): Failed opening 'header.php' for inclusion (include_path='.;C:/laragon/etc/php/pear') in C:\laragon\www\eswasa\admin\index.php on line 104
[17-Mar-2026 12:00:27 UTC] PHP Warning:  include(sidebar.php): Failed to open stream: No such file or directory in C:\laragon\www\eswasa\admin\index.php on line 105
[17-Mar-2026 12:00:27 UTC] PHP Warning:  include(): Failed opening 'sidebar.php' for inclusion (include_path='.;C:/laragon/etc/php/pear') in C:\laragon\www\eswasa\admin\index.php on line 105
[17-Mar-2026 12:00:27 UTC] PHP Warning:  include(header.php): Failed to open stream: No such file or directory in C:\laragon\www\eswasa\admin\index.php on line 104
[17-Mar-2026 12:00:27 UTC] PHP Warning:  include(): Failed opening 'header.php' for inclusion (include_path='.;C:/laragon/etc/php/pear') in C:\laragon\www\eswasa\admin\index.php on line 104
[17-Mar-2026 12:00:27 UTC] PHP Warning:  include(sidebar.php): Failed to open stream: No such file or directory in C:\laragon\www\eswasa\admin\index.php on line 105
[17-Mar-2026 12:00:27 UTC] PHP Warning:  include(): Failed opening 'sidebar.php' for inclusion (include_path='.;C:/laragon/etc/php/pear') in C:\laragon\www\eswasa\admin\index.php on line 105
[17-Mar-2026 12:13:15 UTC] PHP Warning:  include(header.php): Failed to open stream: No such file or directory in C:\laragon\www\eswasa\admin\index.php on line 104
[17-Mar-2026 12:13:15 UTC] PHP Warning:  include(): Failed opening 'header.php' for inclusion (include_path='.;C:/laragon/etc/php/pear') in C:\laragon\www\eswasa\admin\index.php on line 104
[17-Mar-2026 12:13:15 UTC] PHP Warning:  include(sidebar.php): Failed to open stream: No such file or directory in C:\laragon\www\eswasa\admin\index.php on line 105
[17-Mar-2026 12:13:15 UTC] PHP Warning:  include(): Failed opening 'sidebar.php' for inclusion (include_path='.;C:/laragon/etc/php/pear') in C:\laragon\www\eswasa\admin\index.php on line 105
[17-Mar-2026 12:13:16 UTC] PHP Warning:  include(header.php): Failed to open stream: No such file or directory in C:\laragon\www\eswasa\admin\index.php on line 104
[17-Mar-2026 12:13:16 UTC] PHP Warning:  include(): Failed opening 'header.php' for inclusion (include_path='.;C:/laragon/etc/php/pear') in C:\laragon\www\eswasa\admin\index.php on line 104
[17-Mar-2026 12:13:16 UTC] PHP Warning:  include(sidebar.php): Failed to open stream: No such file or directory in C:\laragon\www\eswasa\admin\index.php on line 105
[17-Mar-2026 12:13:16 UTC] PHP Warning:  include(): Failed opening 'sidebar.php' for inclusion (include_path='.;C:/laragon/etc/php/pear') in C:\laragon\www\eswasa\admin\index.php on line 105
[17-Mar-2026 12:13:16 UTC] PHP Warning:  include(header.php): Failed to open stream: No such file or directory in C:\laragon\www\eswasa\admin\index.php on line 104
[17-Mar-2026 12:13:16 UTC] PHP Warning:  include(): Failed opening 'header.php' for inclusion (include_path='.;C:/laragon/etc/php/pear') in C:\laragon\www\eswasa\admin\index.php on line 104
[17-Mar-2026 12:13:16 UTC] PHP Warning:  include(sidebar.php): Failed to open stream: No such file or directory in C:\laragon\www\eswasa\admin\index.php on line 105
[17-Mar-2026 12:13:16 UTC] PHP Warning:  include(): Failed opening 'sidebar.php' for inclusion (include_path='.;C:/laragon/etc/php/pear') in C:\laragon\www\eswasa\admin\index.php on line 105
[17-Mar-2026 12:13:16 UTC] PHP Warning:  include(header.php): Failed to open stream: No such file or directory in C:\laragon\www\eswasa\admin\index.php on line 104
[17-Mar-2026 12:13:16 UTC] PHP Warning:  include(): Failed opening 'header.php' for inclusion (include_path='.;C:/laragon/etc/php/pear') in C:\laragon\www\eswasa\admin\index.php on line 104
[17-Mar-2026 12:13:16 UTC] PHP Warning:  include(sidebar.php): Failed to open stream: No such file or directory in C:\laragon\www\eswasa\admin\index.php on line 105
[17-Mar-2026 12:13:16 UTC] PHP Warning:  include(): Failed opening 'sidebar.php' for inclusion (include_path='.;C:/laragon/etc/php/pear') in C:\laragon\www\eswasa\admin\index.php on line 105
[17-Mar-2026 12:13:17 UTC] PHP Warning:  include(header.php): Failed to open stream: No such file or directory in C:\laragon\www\eswasa\admin\index.php on line 104
[17-Mar-2026 12:13:17 UTC] PHP Warning:  include(): Failed opening 'header.php' for inclusion (include_path='.;C:/laragon/etc/php/pear') in C:\laragon\www\eswasa\admin\index.php on line 104
[17-Mar-2026 12:13:17 UTC] PHP Warning:  include(sidebar.php): Failed to open stream: No such file or directory in C:\laragon\www\eswasa\admin\index.php on line 105
[17-Mar-2026 12:13:17 UTC] PHP Warning:  include(): Failed opening 'sidebar.php' for inclusion (include_path='.;C:/laragon/etc/php/pear') in C:\laragon\www\eswasa\admin\index.php on line 105
[17-Mar-2026 12:13:17 UTC] PHP Warning:  include(header.php): Failed to open stream: No such file or directory in C:\laragon\www\eswasa\admin\index.php on line 104
[17-Mar-2026 12:13:17 UTC] PHP Warning:  include(): Failed opening 'header.php' for inclusion (include_path='.;C:/laragon/etc/php/pear') in C:\laragon\www\eswasa\admin\index.php on line 104
[17-Mar-2026 12:13:17 UTC] PHP Warning:  include(sidebar.php): Failed to open stream: No such file or directory in C:\laragon\www\eswasa\admin\index.php on line 105
[17-Mar-2026 12:13:17 UTC] PHP Warning:  include(): Failed opening 'sidebar.php' for inclusion (include_path='.;C:/laragon/etc/php/pear') in C:\laragon\www\eswasa\admin\index.php on line 105
[17-Mar-2026 12:13:19 UTC] PHP Warning:  include(header.php): Failed to open stream: No such file or directory in C:\laragon\www\eswasa\admin\index.php on line 104
[17-Mar-2026 12:13:19 UTC] PHP Warning:  include(): Failed opening 'header.php' for inclusion (include_path='.;C:/laragon/etc/php/pear') in C:\laragon\www\eswasa\admin\index.php on line 104
[17-Mar-2026 12:13:19 UTC] PHP Warning:  include(sidebar.php): Failed to open stream: No such file or directory in C:\laragon\www\eswasa\admin\index.php on line 105
[17-Mar-2026 12:13:19 UTC] PHP Warning:  include(): Failed opening 'sidebar.php' for inclusion (include_path='.;C:/laragon/etc/php/pear') in C:\laragon\www\eswasa\admin\index.php on line 105
[17-Mar-2026 12:13:20 UTC] PHP Warning:  include(header.php): Failed to open stream: No such file or directory in C:\laragon\www\eswasa\admin\index.php on line 104
[17-Mar-2026 12:13:20 UTC] PHP Warning:  include(): Failed opening 'header.php' for inclusion (include_path='.;C:/laragon/etc/php/pear') in C:\laragon\www\eswasa\admin\index.php on line 104
[17-Mar-2026 12:13:20 UTC] PHP Warning:  include(sidebar.php): Failed to open stream: No such file or directory in C:\laragon\www\eswasa\admin\index.php on line 105
[17-Mar-2026 12:13:20 UTC] PHP Warning:  include(): Failed opening 'sidebar.php' for inclusion (include_path='.;C:/laragon/etc/php/pear') in C:\laragon\www\eswasa\admin\index.php on line 105
[17-Mar-2026 12:13:20 UTC] PHP Warning:  include(header.php): Failed to open stream: No such file or directory in C:\laragon\www\eswasa\admin\index.php on line 104
[17-Mar-2026 12:13:20 UTC] PHP Warning:  include(): Failed opening 'header.php' for inclusion (include_path='.;C:/laragon/etc/php/pear') in C:\laragon\www\eswasa\admin\index.php on line 104
[17-Mar-2026 12:13:20 UTC] PHP Warning:  include(sidebar.php): Failed to open stream: No such file or directory in C:\laragon\www\eswasa\admin\index.php on line 105
[17-Mar-2026 12:13:20 UTC] PHP Warning:  include(): Failed opening 'sidebar.php' for inclusion (include_path='.;C:/laragon/etc/php/pear') in C:\laragon\www\eswasa\admin\index.php on line 105
[17-Mar-2026 12:27:07 UTC] PHP Warning:  include(header.php): Failed to open stream: No such file or directory in C:\laragon\www\eswasa\admin\index.php on line 104
[17-Mar-2026 12:27:07 UTC] PHP Warning:  include(): Failed opening 'header.php' for inclusion (include_path='.;C:/laragon/etc/php/pear') in C:\laragon\www\eswasa\admin\index.php on line 104
[17-Mar-2026 12:27:07 UTC] PHP Warning:  include(sidebar.php): Failed to open stream: No such file or directory in C:\laragon\www\eswasa\admin\index.php on line 105
[17-Mar-2026 12:27:07 UTC] PHP Warning:  include(): Failed opening 'sidebar.php' for inclusion (include_path='.;C:/laragon/etc/php/pear') in C:\laragon\www\eswasa\admin\index.php on line 105
[17-Mar-2026 12:28:05 UTC] PHP Warning:  include(header.php): Failed to open stream: No such file or directory in C:\laragon\www\eswasa\admin\index.php on line 104
[17-Mar-2026 12:28:05 UTC] PHP Warning:  include(): Failed opening 'header.php' for inclusion (include_path='.;C:/laragon/etc/php/pear') in C:\laragon\www\eswasa\admin\index.php on line 104
[17-Mar-2026 12:28:05 UTC] PHP Warning:  include(sidebar.php): Failed to open stream: No such file or directory in C:\laragon\www\eswasa\admin\index.php on line 105
[17-Mar-2026 12:28:05 UTC] PHP Warning:  include(): Failed opening 'sidebar.php' for inclusion (include_path='.;C:/laragon/etc/php/pear') in C:\laragon\www\eswasa\admin\index.php on line 105
[17-Mar-2026 12:28:05 UTC] PHP Warning:  include(header.php): Failed to open stream: No such file or directory in C:\laragon\www\eswasa\admin\index.php on line 104
[17-Mar-2026 12:28:05 UTC] PHP Warning:  include(): Failed opening 'header.php' for inclusion (include_path='.;C:/laragon/etc/php/pear') in C:\laragon\www\eswasa\admin\index.php on line 104
[17-Mar-2026 12:28:05 UTC] PHP Warning:  include(sidebar.php): Failed to open stream: No such file or directory in C:\laragon\www\eswasa\admin\index.php on line 105
[17-Mar-2026 12:28:05 UTC] PHP Warning:  include(): Failed opening 'sidebar.php' for inclusion (include_path='.;C:/laragon/etc/php/pear') in C:\laragon\www\eswasa\admin\index.php on line 105
[17-Mar-2026 12:28:06 UTC] PHP Warning:  include(header.php): Failed to open stream: No such file or directory in C:\laragon\www\eswasa\admin\index.php on line 104
[17-Mar-2026 12:28:06 UTC] PHP Warning:  include(): Failed opening 'header.php' for inclusion (include_path='.;C:/laragon/etc/php/pear') in C:\laragon\www\eswasa\admin\index.php on line 104
[17-Mar-2026 12:28:06 UTC] PHP Warning:  include(sidebar.php): Failed to open stream: No such file or directory in C:\laragon\www\eswasa\admin\index.php on line 105
[17-Mar-2026 12:28:06 UTC] PHP Warning:  include(): Failed opening 'sidebar.php' for inclusion (include_path='.;C:/laragon/etc/php/pear') in C:\laragon\www\eswasa\admin\index.php on line 105
[17-Mar-2026 12:28:06 UTC] PHP Warning:  include(header.php): Failed to open stream: No such file or directory in C:\laragon\www\eswasa\admin\index.php on line 104
[17-Mar-2026 12:28:06 UTC] PHP Warning:  include(): Failed opening 'header.php' for inclusion (include_path='.;C:/laragon/etc/php/pear') in C:\laragon\www\eswasa\admin\index.php on line 104
[17-Mar-2026 12:28:06 UTC] PHP Warning:  include(sidebar.php): Failed to open stream: No such file or directory in C:\laragon\www\eswasa\admin\index.php on line 105
[17-Mar-2026 12:28:06 UTC] PHP Warning:  include(): Failed opening 'sidebar.php' for inclusion (include_path='.;C:/laragon/etc/php/pear') in C:\laragon\www\eswasa\admin\index.php on line 105
[17-Mar-2026 12:34:08 UTC] PHP Warning:  include(header.php): Failed to open stream: No such file or directory in C:\laragon\www\eswasa\admin\index.php on line 104
[17-Mar-2026 12:34:08 UTC] PHP Warning:  include(): Failed opening 'header.php' for inclusion (include_path='.;C:/laragon/etc/php/pear') in C:\laragon\www\eswasa\admin\index.php on line 104
[17-Mar-2026 12:34:08 UTC] PHP Warning:  include(sidebar.php): Failed to open stream: No such file or directory in C:\laragon\www\eswasa\admin\index.php on line 105
[17-Mar-2026 12:34:08 UTC] PHP Warning:  include(): Failed opening 'sidebar.php' for inclusion (include_path='.;C:/laragon/etc/php/pear') in C:\laragon\www\eswasa\admin\index.php on line 105
[17-Mar-2026 12:34:09 UTC] PHP Warning:  include(header.php): Failed to open stream: No such file or directory in C:\laragon\www\eswasa\admin\index.php on line 104
[17-Mar-2026 12:34:09 UTC] PHP Warning:  include(): Failed opening 'header.php' for inclusion (include_path='.;C:/laragon/etc/php/pear') in C:\laragon\www\eswasa\admin\index.php on line 104
[17-Mar-2026 12:34:09 UTC] PHP Warning:  include(sidebar.php): Failed to open stream: No such file or directory in C:\laragon\www\eswasa\admin\index.php on line 105
[17-Mar-2026 12:34:09 UTC] PHP Warning:  include(): Failed opening 'sidebar.php' for inclusion (include_path='.;C:/laragon/etc/php/pear') in C:\laragon\www\eswasa\admin\index.php on line 105
[17-Mar-2026 12:34:10 UTC] PHP Warning:  include(header.php): Failed to open stream: No such file or directory in C:\laragon\www\eswasa\admin\index.php on line 104
[17-Mar-2026 12:34:10 UTC] PHP Warning:  include(): Failed opening 'header.php' for inclusion (include_path='.;C:/laragon/etc/php/pear') in C:\laragon\www\eswasa\admin\index.php on line 104
[17-Mar-2026 12:34:10 UTC] PHP Warning:  include(sidebar.php): Failed to open stream: No such file or directory in C:\laragon\www\eswasa\admin\index.php on line 105
[17-Mar-2026 12:34:10 UTC] PHP Warning:  include(): Failed opening 'sidebar.php' for inclusion (include_path='.;C:/laragon/etc/php/pear') in C:\laragon\www\eswasa\admin\index.php on line 105
[17-Mar-2026 12:34:10 UTC] PHP Warning:  include(header.php): Failed to open stream: No such file or directory in C:\laragon\www\eswasa\admin\index.php on line 104
[17-Mar-2026 12:34:10 UTC] PHP Warning:  include(): Failed opening 'header.php' for inclusion (include_path='.;C:/laragon/etc/php/pear') in C:\laragon\www\eswasa\admin\index.php on line 104
[17-Mar-2026 12:34:10 UTC] PHP Warning:  include(sidebar.php): Failed to open stream: No such file or directory in C:\laragon\www\eswasa\admin\index.php on line 105
[17-Mar-2026 12:34:10 UTC] PHP Warning:  include(): Failed opening 'sidebar.php' for inclusion (include_path='.;C:/laragon/etc/php/pear') in C:\laragon\www\eswasa\admin\index.php on line 105
[17-Mar-2026 12:34:10 UTC] PHP Warning:  include(header.php): Failed to open stream: No such file or directory in C:\laragon\www\eswasa\admin\index.php on line 104
[17-Mar-2026 12:34:10 UTC] PHP Warning:  include(): Failed opening 'header.php' for inclusion (include_path='.;C:/laragon/etc/php/pear') in C:\laragon\www\eswasa\admin\index.php on line 104
[17-Mar-2026 12:34:10 UTC] PHP Warning:  include(sidebar.php): Failed to open stream: No such file or directory in C:\laragon\www\eswasa\admin\index.php on line 105
[17-Mar-2026 12:34:10 UTC] PHP Warning:  include(): Failed opening 'sidebar.php' for inclusion (include_path='.;C:/laragon/etc/php/pear') in C:\laragon\www\eswasa\admin\index.php on line 105
[17-Mar-2026 12:34:10 UTC] PHP Warning:  include(header.php): Failed to open stream: No such file or directory in C:\laragon\www\eswasa\admin\index.php on line 104
[17-Mar-2026 12:34:10 UTC] PHP Warning:  include(): Failed opening 'header.php' for inclusion (include_path='.;C:/laragon/etc/php/pear') in C:\laragon\www\eswasa\admin\index.php on line 104
[17-Mar-2026 12:34:10 UTC] PHP Warning:  include(sidebar.php): Failed to open stream: No such file or directory in C:\laragon\www\eswasa\admin\index.php on line 105
[17-Mar-2026 12:34:10 UTC] PHP Warning:  include(): Failed opening 'sidebar.php' for inclusion (include_path='.;C:/laragon/etc/php/pear') in C:\laragon\www\eswasa\admin\index.php on line 105
[17-Mar-2026 12:34:12 UTC] PHP Warning:  include(header.php): Failed to open stream: No such file or directory in C:\laragon\www\eswasa\admin\index.php on line 104
[17-Mar-2026 12:34:12 UTC] PHP Warning:  include(): Failed opening 'header.php' for inclusion (include_path='.;C:/laragon/etc/php/pear') in C:\laragon\www\eswasa\admin\index.php on line 104
[17-Mar-2026 12:34:12 UTC] PHP Warning:  include(sidebar.php): Failed to open stream: No such file or directory in C:\laragon\www\eswasa\admin\index.php on line 105
[17-Mar-2026 12:34:12 UTC] PHP Warning:  include(): Failed opening 'sidebar.php' for inclusion (include_path='.;C:/laragon/etc/php/pear') in C:\laragon\www\eswasa\admin\index.php on line 105
[17-Mar-2026 12:34:12 UTC] PHP Warning:  include(header.php): Failed to open stream: No such file or directory in C:\laragon\www\eswasa\admin\index.php on line 104
[17-Mar-2026 12:34:12 UTC] PHP Warning:  include(): Failed opening 'header.php' for inclusion (include_path='.;C:/laragon/etc/php/pear') in C:\laragon\www\eswasa\admin\index.php on line 104
[17-Mar-2026 12:34:12 UTC] PHP Warning:  include(sidebar.php): Failed to open stream: No such file or directory in C:\laragon\www\eswasa\admin\index.php on line 105
[17-Mar-2026 12:34:12 UTC] PHP Warning:  include(): Failed opening 'sidebar.php' for inclusion (include_path='.;C:/laragon/etc/php/pear') in C:\laragon\www\eswasa\admin\index.php on line 105
[17-Mar-2026 12:34:13 UTC] PHP Warning:  include(header.php): Failed to open stream: No such file or directory in C:\laragon\www\eswasa\admin\index.php on line 104
[17-Mar-2026 12:34:13 UTC] PHP Warning:  include(): Failed opening 'header.php' for inclusion (include_path='.;C:/laragon/etc/php/pear') in C:\laragon\www\eswasa\admin\index.php on line 104
[17-Mar-2026 12:34:13 UTC] PHP Warning:  include(sidebar.php): Failed to open stream: No such file or directory in C:\laragon\www\eswasa\admin\index.php on line 105
[17-Mar-2026 12:34:13 UTC] PHP Warning:  include(): Failed opening 'sidebar.php' for inclusion (include_path='.;C:/laragon/etc/php/pear') in C:\laragon\www\eswasa\admin\index.php on line 105
[17-Mar-2026 12:34:13 UTC] PHP Warning:  include(header.php): Failed to open stream: No such file or directory in C:\laragon\www\eswasa\admin\index.php on line 104
[17-Mar-2026 12:34:13 UTC] PHP Warning:  include(): Failed opening 'header.php' for inclusion (include_path='.;C:/laragon/etc/php/pear') in C:\laragon\www\eswasa\admin\index.php on line 104
[17-Mar-2026 12:34:13 UTC] PHP Warning:  include(sidebar.php): Failed to open stream: No such file or directory in C:\laragon\www\eswasa\admin\index.php on line 105
[17-Mar-2026 12:34:13 UTC] PHP Warning:  include(): Failed opening 'sidebar.php' for inclusion (include_path='.;C:/laragon/etc/php/pear') in C:\laragon\www\eswasa\admin\index.php on line 105
[17-Mar-2026 12:34:24 UTC] PHP Warning:  include(header.php): Failed to open stream: No such file or directory in C:\laragon\www\eswasa\admin\index.php on line 104
[17-Mar-2026 12:34:24 UTC] PHP Warning:  include(): Failed opening 'header.php' for inclusion (include_path='.;C:/laragon/etc/php/pear') in C:\laragon\www\eswasa\admin\index.php on line 104
[17-Mar-2026 12:34:24 UTC] PHP Warning:  include(sidebar.php): Failed to open stream: No such file or directory in C:\laragon\www\eswasa\admin\index.php on line 105
[17-Mar-2026 12:34:24 UTC] PHP Warning:  include(): Failed opening 'sidebar.php' for inclusion (include_path='.;C:/laragon/etc/php/pear') in C:\laragon\www\eswasa\admin\index.php on line 105
[17-Mar-2026 12:39:55 UTC] PHP Warning:  include(header.php): Failed to open stream: No such file or directory in C:\laragon\www\eswasa\admin\index.php on line 104
[17-Mar-2026 12:39:55 UTC] PHP Warning:  include(): Failed opening 'header.php' for inclusion (include_path='.;C:/laragon/etc/php/pear') in C:\laragon\www\eswasa\admin\index.php on line 104
[17-Mar-2026 12:39:55 UTC] PHP Warning:  include(sidebar.php): Failed to open stream: No such file or directory in C:\laragon\www\eswasa\admin\index.php on line 105
[17-Mar-2026 12:39:55 UTC] PHP Warning:  include(): Failed opening 'sidebar.php' for inclusion (include_path='.;C:/laragon/etc/php/pear') in C:\laragon\www\eswasa\admin\index.php on line 105
[17-Mar-2026 12:39:55 UTC] PHP Warning:  include(footer.php): Failed to open stream: No such file or directory in C:\laragon\www\eswasa\admin\index.php on line 123
[17-Mar-2026 12:39:55 UTC] PHP Warning:  include(): Failed opening 'footer.php' for inclusion (include_path='.;C:/laragon/etc/php/pear') in C:\laragon\www\eswasa\admin\index.php on line 123
[17-Mar-2026 12:42:58 UTC] PHP Fatal error:  Uncaught Error: mysqli_stmt::bind_param(): Argument #2 could not be passed by reference in C:\laragon\www\eswasa\admin\pages\services_edit.php:15
Stack trace:
#0 C:\laragon\www\eswasa\admin\index.php(60): include()
#1 {main}
  thrown in C:\laragon\www\eswasa\admin\pages\services_edit.php on line 15
[17-Mar-2026 12:43:09 UTC] PHP Fatal error:  Uncaught Error: mysqli_stmt::bind_param(): Argument #2 could not be passed by reference in C:\laragon\www\eswasa\admin\pages\certification_edit.php:15
Stack trace:
#0 C:\laragon\www\eswasa\admin\index.php(60): include()
#1 {main}
  thrown in C:\laragon\www\eswasa\admin\pages\certification_edit.php on line 15
[17-Mar-2026 12:43:14 UTC] PHP Fatal error:  Uncaught Error: mysqli_stmt::bind_param(): Argument #2 could not be passed by reference in C:\laragon\www\eswasa\admin\pages\calibration_edit.php:15
Stack trace:
#0 C:\laragon\www\eswasa\admin\index.php(60): include()
#1 {main}
  thrown in C:\laragon\www\eswasa\admin\pages\calibration_edit.php on line 15
[17-Mar-2026 12:45:27 UTC] PHP Fatal error:  Uncaught Error: mysqli_stmt::bind_param(): Argument #2 could not be passed by reference in C:\laragon\www\eswasa\admin\pages\services_edit.php:15
Stack trace:
#0 C:\laragon\www\eswasa\admin\index.php(60): include()
#1 {main}
  thrown in C:\laragon\www\eswasa\admin\pages\services_edit.php on line 15
[17-Mar-2026 13:07:08 UTC] PHP Fatal error:  Uncaught Error: mysqli_stmt::bind_param(): Argument #2 could not be passed by reference in C:\laragon\www\eswasa\admin\pages\services_edit.php:15
Stack trace:
#0 C:\laragon\www\eswasa\admin\index.php(60): include()
#1 {main}
  thrown in C:\laragon\www\eswasa\admin\pages\services_edit.php on line 15
[17-Mar-2026 13:12:22 UTC] PHP Fatal error:  Uncaught Error: mysqli_stmt::bind_param(): Argument #2 could not be passed by reference in C:\laragon\www\eswasa\admin\pages\services_edit.php:15
Stack trace:
#0 C:\laragon\www\eswasa\admin\index.php(60): include()
#1 {main}
  thrown in C:\laragon\www\eswasa\admin\pages\services_edit.php on line 15
[17-Mar-2026 13:13:21 UTC] PHP Fatal error:  Uncaught Error: mysqli_stmt::bind_param(): Argument #2 could not be passed by reference in C:\laragon\www\eswasa\admin\pages\about_edit.php:15
Stack trace:
#0 C:\laragon\www\eswasa\admin\index.php(60): include()
#1 {main}
  thrown in C:\laragon\www\eswasa\admin\pages\about_edit.php on line 15
[29-Mar-2026 09:18:49 UTC] PHP Fatal error:  Uncaught Error: mysqli_stmt::bind_param(): Argument #2 could not be passed by reference in C:\laragon\www\eswasa\admin\pages\services_edit.php:15
Stack trace:
#0 C:\laragon\www\eswasa\admin\index.php(60): include()
#1 {main}
  thrown in C:\laragon\www\eswasa\admin\pages\services_edit.php on line 15
